Compiling the CXX compiler identification source file "CMakeCXXCompilerId.cpp" failed.
Compiler: /Library/Developer/CommandLineTools/usr/bin/c++ 
Build flags: 
Id flags:  

The output was:
1
ld: library not found for -lc++
clang: error: linker command failed with exit code 1 (use -v to see invocation)


Checking whether the CUDA compiler is NVIDIA using "" did not match "nvcc: NVIDIA \(R\) Cuda compiler driver":
Checking whether the CUDA compiler is Clang using "" did not match "(clang version)":
Determining if the pthread_create exist failed with the following output:
Change Dir: /work/NemotoU/tom/flip_gpu/build/CMakeFiles/CMakeTmp

Run Build Command:"/usr/bin/gmake" "cmTC_dae91/fast"
/usr/bin/gmake -f CMakeFiles/cmTC_dae91.dir/build.make CMakeFiles/cmTC_dae91.dir/build
gmake[1]: Entering directory `/work/NemotoU/tom/flip_gpu/build/CMakeFiles/CMakeTmp'
Building C object CMakeFiles/cmTC_dae91.dir/CheckSymbolExists.c.o
/usr/bin/cc    -o CMakeFiles/cmTC_dae91.dir/CheckSymbolExists.c.o   -c /work/NemotoU/tom/flip_gpu/build/CMakeFiles/CMakeTmp/CheckSymbolExists.c
Linking C executable cmTC_dae91
/apps/free76/cmake/3.11.4/bin/cmake -E cmake_link_script CMakeFiles/cmTC_dae91.dir/link.txt --verbose=1
/usr/bin/cc      -rdynamic CMakeFiles/cmTC_dae91.dir/CheckSymbolExists.c.o  -o cmTC_dae91 
CMakeFiles/cmTC_dae91.dir/CheckSymbolExists.c.o: In function `main':
CheckSymbolExists.c:(.text+0x16): undefined reference to `pthread_create'
collect2: error: ld returned 1 exit status
gmake[1]: *** [cmTC_dae91] Error 1
gmake[1]: Leaving directory `/work/NemotoU/tom/flip_gpu/build/CMakeFiles/CMakeTmp'
gmake: *** [cmTC_dae91/fast] Error 2

File /work/NemotoU/tom/flip_gpu/build/CMakeFiles/CMakeTmp/CheckSymbolExists.c:
/* */
#include <pthread.h>

int main(int argc, char** argv)
{
  (void)argv;
#ifndef pthread_create
  return ((int*)(&pthread_create))[argc];
#else
  (void)argc;
  return 0;
#endif
}

Determining if the function pthread_create exists in the pthreads failed with the following output:
Change Dir: /work/NemotoU/tom/flip_gpu/build/CMakeFiles/CMakeTmp

Run Build Command:"/usr/bin/gmake" "cmTC_67a4e/fast"
/usr/bin/gmake -f CMakeFiles/cmTC_67a4e.dir/build.make CMakeFiles/cmTC_67a4e.dir/build
gmake[1]: Entering directory `/work/NemotoU/tom/flip_gpu/build/CMakeFiles/CMakeTmp'
Building C object CMakeFiles/cmTC_67a4e.dir/CheckFunctionExists.c.o
/usr/bin/cc   -DCHECK_FUNCTION_EXISTS=pthread_create   -o CMakeFiles/cmTC_67a4e.dir/CheckFunctionExists.c.o   -c /apps/free76/cmake/3.11.4/share/cmake-3.11/Modules/CheckFunctionExists.c
Linking C executable cmTC_67a4e
/apps/free76/cmake/3.11.4/bin/cmake -E cmake_link_script CMakeFiles/cmTC_67a4e.dir/link.txt --verbose=1
/usr/bin/cc  -DCHECK_FUNCTION_EXISTS=pthread_create    -rdynamic CMakeFiles/cmTC_67a4e.dir/CheckFunctionExists.c.o  -o cmTC_67a4e -lpthreads 
/usr/bin/ld: cannot find -lpthreads
collect2: error: ld returned 1 exit status
gmake[1]: *** [cmTC_67a4e] Error 1
gmake[1]: Leaving directory `/work/NemotoU/tom/flip_gpu/build/CMakeFiles/CMakeTmp'
gmake: *** [cmTC_67a4e/fast] Error 2


Determining if the pthread_create exist failed with the following output:
Change Dir: /work/NemotoU/tom/flip_gpu/build/CMakeFiles/CMakeTmp

Run Build Command:"/opt/rh/devtoolset-8/root/usr/bin/gmake" "cmTC_3a78d/fast"
/opt/rh/devtoolset-8/root/usr/bin/gmake -f CMakeFiles/cmTC_3a78d.dir/build.make CMakeFiles/cmTC_3a78d.dir/build
gmake[1]: Entering directory '/work/NemotoU/tom/flip_gpu/build/CMakeFiles/CMakeTmp'
Building C object CMakeFiles/cmTC_3a78d.dir/CheckSymbolExists.c.o
/opt/rh/devtoolset-8/root/usr/bin/cc    -o CMakeFiles/cmTC_3a78d.dir/CheckSymbolExists.c.o   -c /work/NemotoU/tom/flip_gpu/build/CMakeFiles/CMakeTmp/CheckSymbolExists.c
Linking C executable cmTC_3a78d
/apps/free76/cmake/3.11.4/bin/cmake -E cmake_link_script CMakeFiles/cmTC_3a78d.dir/link.txt --verbose=1
/opt/rh/devtoolset-8/root/usr/bin/cc      -rdynamic CMakeFiles/cmTC_3a78d.dir/CheckSymbolExists.c.o  -o cmTC_3a78d 
CMakeFiles/cmTC_3a78d.dir/CheckSymbolExists.c.o: In function `main':
CheckSymbolExists.c:(.text+0x16): undefined reference to `pthread_create'
collect2: error: ld returned 1 exit status
gmake[1]: *** [CMakeFiles/cmTC_3a78d.dir/build.make:87: cmTC_3a78d] Error 1
gmake[1]: Leaving directory '/work/NemotoU/tom/flip_gpu/build/CMakeFiles/CMakeTmp'
gmake: *** [Makefile:126: cmTC_3a78d/fast] Error 2

File /work/NemotoU/tom/flip_gpu/build/CMakeFiles/CMakeTmp/CheckSymbolExists.c:
/* */
#include <pthread.h>

int main(int argc, char** argv)
{
  (void)argv;
#ifndef pthread_create
  return ((int*)(&pthread_create))[argc];
#else
  (void)argc;
  return 0;
#endif
}

Determining if the function pthread_create exists in the pthreads failed with the following output:
Change Dir: /work/NemotoU/tom/flip_gpu/build/CMakeFiles/CMakeTmp

Run Build Command:"/opt/rh/devtoolset-8/root/usr/bin/gmake" "cmTC_1bde7/fast"
/opt/rh/devtoolset-8/root/usr/bin/gmake -f CMakeFiles/cmTC_1bde7.dir/build.make CMakeFiles/cmTC_1bde7.dir/build
gmake[1]: Entering directory '/work/NemotoU/tom/flip_gpu/build/CMakeFiles/CMakeTmp'
Building C object CMakeFiles/cmTC_1bde7.dir/CheckFunctionExists.c.o
/opt/rh/devtoolset-8/root/usr/bin/cc   -DCHECK_FUNCTION_EXISTS=pthread_create   -o CMakeFiles/cmTC_1bde7.dir/CheckFunctionExists.c.o   -c /apps/free76/cmake/3.11.4/share/cmake-3.11/Modules/CheckFunctionExists.c
Linking C executable cmTC_1bde7
/apps/free76/cmake/3.11.4/bin/cmake -E cmake_link_script CMakeFiles/cmTC_1bde7.dir/link.txt --verbose=1
/opt/rh/devtoolset-8/root/usr/bin/cc  -DCHECK_FUNCTION_EXISTS=pthread_create    -rdynamic CMakeFiles/cmTC_1bde7.dir/CheckFunctionExists.c.o  -o cmTC_1bde7 -lpthreads 
/opt/rh/devtoolset-8/root/usr/libexec/gcc/x86_64-redhat-linux/8/ld: cannot find -lpthreads
collect2: error: ld returned 1 exit status
gmake[1]: *** [CMakeFiles/cmTC_1bde7.dir/build.make:87: cmTC_1bde7] Error 1
gmake[1]: Leaving directory '/work/NemotoU/tom/flip_gpu/build/CMakeFiles/CMakeTmp'
gmake: *** [Makefile:126: cmTC_1bde7/fast] Error 2


